[2021-06-27 14:45:17 +0800] [4339] [INFO] Starting gunicorn 20.1.0
[2021-06-27 14:45:17 +0800] [4339] [INFO] Listening at: http://0.0.0.0:3000 (4339)
[2021-06-27 14:45:17 +0800] [4339] [INFO] Using worker: sync
[2021-06-27 14:45:17 +0800] [4342] [INFO] Booting worker with pid: 4342
[2021-06-27 14:45:17 +0800] [4343] [INFO] Booting worker with pid: 4343
[2021-06-27 14:45:17 +0800] [4344] [INFO] Booting worker with pid: 4344
[2021-06-27 18:41:05 +0800] [4339] [CRITICAL] WORKER TIMEOUT (pid:4343)
[2021-06-27 18:41:24 +0800] [4339] [WARNING] Worker with pid 4343 was terminated due to signal 9
[2021-06-27 18:41:24 +0800] [4728] [INFO] Booting worker with pid: 4728
[2021-06-28 00:09:35 +0800] [4339] [CRITICAL] WORKER TIMEOUT (pid:4342)
[2021-06-28 00:21:07 +0800] [4339] [CRITICAL] WORKER TIMEOUT (pid:4344)
[2021-06-28 00:31:36 +0800] [4339] [CRITICAL] WORKER TIMEOUT (pid:4728)
[2021-06-28 00:31:32 +0800] [4344] [INFO] Worker exiting (pid: 4344)
[2021-06-28 00:45:09 +0800] [4339] [WARNING] Worker with pid 4342 was terminated due to signal 9
[2021-06-28 00:45:10 +0800] [4339] [WARNING] Worker with pid 4344 was terminated due to signal 9
[2021-06-28 00:45:10 +0800] [4339] [WARNING] Worker with pid 4728 was terminated due to signal 9
[2021-06-28 00:45:11 +0800] [5348] [INFO] Booting worker with pid: 5348
[2021-06-28 00:45:11 +0800] [5349] [INFO] Booting worker with pid: 5349
[2021-06-28 00:45:11 +0800] [5350] [INFO] Booting worker with pid: 5350
[2021-06-28 00:45:42 +0800] [4339] [CRITICAL] WORKER TIMEOUT (pid:5348)
[2021-06-28 00:45:42 +0800] [4339] [CRITICAL] WORKER TIMEOUT (pid:5349)
[2021-06-28 00:45:42 +0800] [4339] [CRITICAL] WORKER TIMEOUT (pid:5350)
[2021-06-28 00:45:42 +0800] [5349] [INFO] Worker exiting (pid: 5349)
[2021-06-28 00:45:42 +0800] [5350] [INFO] Worker exiting (pid: 5350)
[2021-06-28 00:45:42 +0800] [5348] [INFO] Worker exiting (pid: 5348)
[2021-06-28 00:45:43 +0800] [4339] [WARNING] Worker with pid 5349 was terminated due to signal 9
[2021-06-28 00:45:43 +0800] [4339] [WARNING] Worker with pid 5348 was terminated due to signal 9
[2021-06-28 00:45:43 +0800] [4339] [WARNING] Worker with pid 5350 was terminated due to signal 9
[2021-06-28 00:45:43 +0800] [5767] [INFO] Booting worker with pid: 5767
[2021-06-28 00:45:43 +0800] [5768] [INFO] Booting worker with pid: 5768
[2021-06-28 00:45:43 +0800] [5769] [INFO] Booting worker with pid: 5769
[2021-06-28 00:46:16 +0800] [4339] [CRITICAL] WORKER TIMEOUT (pid:5769)
[2021-06-28 00:46:25 +0800] [5769] [INFO] Worker exiting (pid: 5769)
[2021-06-28 00:46:25 +0800] [4339] [CRITICAL] WORKER TIMEOUT (pid:5767)
[2021-06-28 00:46:34 +0800] [4339] [CRITICAL] WORKER TIMEOUT (pid:5768)
[2021-06-28 00:46:46 +0800] [5768] [INFO] Worker exiting (pid: 5768)
[2021-06-28 00:46:46 +0800] [4339] [WARNING] Worker with pid 5769 was terminated due to signal 9
[2021-06-28 00:46:37 +0800] [5767] [INFO] Worker exiting (pid: 5767)
[2021-06-28 00:46:47 +0800] [4339] [WARNING] Worker with pid 5767 was terminated due to signal 9
[2021-06-28 00:46:47 +0800] [4339] [WARNING] Worker with pid 5768 was terminated due to signal 9
[2021-06-28 00:46:47 +0800] [5805] [INFO] Booting worker with pid: 5805
[2021-06-28 00:46:47 +0800] [5806] [INFO] Booting worker with pid: 5806
[2021-06-28 00:46:47 +0800] [5807] [INFO] Booting worker with pid: 5807
[2021-06-28 04:28:31 +0800] [4339] [CRITICAL] WORKER TIMEOUT (pid:5807)
[2021-06-28 04:30:15 +0800] [5807] [INFO] Worker exiting (pid: 5807)
[2021-06-28 04:30:53 +0800] [4339] [WARNING] Worker with pid 5807 was terminated due to signal 9
[2021-06-28 04:30:54 +0800] [6675] [INFO] Booting worker with pid: 6675
[2021-06-28 04:31:24 +0800] [4339] [CRITICAL] WORKER TIMEOUT (pid:6675)
[2021-06-28 04:31:24 +0800] [6675] [INFO] Worker exiting (pid: 6675)
[2021-06-28 04:31:26 +0800] [4339] [WARNING] Worker with pid 6675 was terminated due to signal 9
[2021-06-28 04:31:27 +0800] [6681] [INFO] Booting worker with pid: 6681
[2021-06-28 08:09:21 +0800] [4339] [CRITICAL] WORKER TIMEOUT (pid:6681)
[2021-06-28 08:10:16 +0800] [6681] [INFO] Worker exiting (pid: 6681)
[2021-06-28 08:13:20 +0800] [4339] [CRITICAL] WORKER TIMEOUT (pid:5806)
[2021-06-28 08:15:36 +0800] [5806] [INFO] Worker exiting (pid: 5806)
[2021-06-28 08:15:36 +0800] [4339] [WARNING] Worker with pid 6681 was terminated due to signal 9
[2021-06-28 08:15:37 +0800] [7106] [INFO] Booting worker with pid: 7106
[2021-06-28 08:15:43 +0800] [7109] [INFO] Booting worker with pid: 7109
[2021-06-28 08:16:26 +0800] [4339] [CRITICAL] WORKER TIMEOUT (pid:7106)
[2021-06-28 08:17:01 +0800] [4339] [CRITICAL] WORKER TIMEOUT (pid:7109)
[2021-06-28 08:17:04 +0800] [7106] [INFO] Worker exiting (pid: 7106)
[2021-06-28 08:17:48 +0800] [4339] [WARNING] Worker with pid 7106 was terminated due to signal 9
[2021-06-28 08:17:48 +0800] [7109] [INFO] Worker exiting (pid: 7109)
[2021-06-28 08:17:49 +0800] [4339] [WARNING] Worker with pid 7109 was terminated due to signal 9
[2021-06-28 08:17:49 +0800] [7125] [INFO] Booting worker with pid: 7125
[2021-06-28 08:17:50 +0800] [7126] [INFO] Booting worker with pid: 7126
[2021-06-28 12:05:39 +0800] [4339] [CRITICAL] WORKER TIMEOUT (pid:7126)
[2021-06-28 12:10:44 +0800] [4339] [WARNING] Worker with pid 7126 was terminated due to signal 9
[2021-06-28 12:10:46 +0800] [7374] [INFO] Booting worker with pid: 7374
[2021-06-28 12:11:17 +0800] [4339] [CRITICAL] WORKER TIMEOUT (pid:7374)
[2021-06-28 12:11:17 +0800] [7374] [INFO] Worker exiting (pid: 7374)
[2021-06-28 12:11:18 +0800] [4339] [WARNING] Worker with pid 7374 was terminated due to signal 9
[2021-06-28 12:11:18 +0800] [7389] [INFO] Booting worker with pid: 7389
[2021-06-28 12:11:49 +0800] [4339] [CRITICAL] WORKER TIMEOUT (pid:7389)
[2021-06-28 12:11:50 +0800] [7389] [INFO] Worker exiting (pid: 7389)
[2021-06-28 12:11:52 +0800] [4339] [WARNING] Worker with pid 7389 was terminated due to signal 9
[2021-06-28 12:11:52 +0800] [7391] [INFO] Booting worker with pid: 7391
[2021-06-28 12:12:23 +0800] [4339] [CRITICAL] WORKER TIMEOUT (pid:7391)
[2021-06-28 12:12:23 +0800] [7391] [INFO] Worker exiting (pid: 7391)
[2021-06-28 12:12:23 +0800] [7395] [INFO] Booting worker with pid: 7395
[2021-06-28 15:52:01 +0800] [4339] [CRITICAL] WORKER TIMEOUT (pid:5805)
[2021-06-28 15:58:25 +0800] [4339] [CRITICAL] WORKER TIMEOUT (pid:7125)
[2021-06-28 16:04:18 +0800] [4339] [WARNING] Worker with pid 5805 was terminated due to signal 9
[2021-06-28 16:04:19 +0800] [4339] [WARNING] Worker with pid 7125 was terminated due to signal 9
[2021-06-28 16:04:19 +0800] [7620] [INFO] Booting worker with pid: 7620
[2021-06-28 16:04:19 +0800] [7621] [INFO] Booting worker with pid: 7621
[2021-06-28 16:05:10 +0800] [4339] [CRITICAL] WORKER TIMEOUT (pid:7620)
[2021-06-28 16:05:10 +0800] [4339] [CRITICAL] WORKER TIMEOUT (pid:7621)
[2021-06-28 16:05:10 +0800] [7621] [INFO] Worker exiting (pid: 7621)
[2021-06-28 16:05:10 +0800] [7620] [INFO] Worker exiting (pid: 7620)
[2021-06-28 16:05:13 +0800] [4339] [WARNING] Worker with pid 7620 was terminated due to signal 9
[2021-06-28 16:05:13 +0800] [4339] [WARNING] Worker with pid 7621 was terminated due to signal 9
[2021-06-28 16:05:13 +0800] [7653] [INFO] Booting worker with pid: 7653
[2021-06-28 16:05:13 +0800] [7654] [INFO] Booting worker with pid: 7654
[2021-06-28 16:05:44 +0800] [4339] [CRITICAL] WORKER TIMEOUT (pid:7653)
[2021-06-28 16:05:47 +0800] [7653] [INFO] Worker exiting (pid: 7653)
[2021-06-28 16:05:47 +0800] [4339] [CRITICAL] WORKER TIMEOUT (pid:7654)
[2021-06-28 16:05:54 +0800] [4339] [WARNING] Worker with pid 7653 was terminated due to signal 9
[2021-06-28 16:05:54 +0800] [4339] [WARNING] Worker with pid 7654 was terminated due to signal 9
[2021-06-28 16:05:54 +0800] [7657] [INFO] Booting worker with pid: 7657
[2021-06-28 16:05:54 +0800] [7658] [INFO] Booting worker with pid: 7658
[2021-06-28 19:47:42 +0800] [4339] [CRITICAL] WORKER TIMEOUT (pid:7657)
[2021-06-28 19:55:15 +0800] [4339] [WARNING] Worker with pid 7657 was terminated due to signal 9
[2021-06-28 19:55:16 +0800] [7928] [INFO] Booting worker with pid: 7928
[2021-06-28 19:55:46 +0800] [4339] [CRITICAL] WORKER TIMEOUT (pid:7928)
[2021-06-28 19:55:47 +0800] [7928] [INFO] Worker exiting (pid: 7928)
[2021-06-28 19:56:10 +0800] [4339] [WARNING] Worker with pid 7928 was terminated due to signal 9
[2021-06-28 19:56:10 +0800] [7942] [INFO] Booting worker with pid: 7942
[2021-06-28 19:56:49 +0800] [4339] [CRITICAL] WORKER TIMEOUT (pid:7942)
[2021-06-28 20:00:26 +0800] [4339] [CRITICAL] WORKER TIMEOUT (pid:7395)
[2021-06-28 20:01:25 +0800] [4339] [WARNING] Worker with pid 7942 was terminated due to signal 9
[2021-06-28 20:01:16 +0800] [7395] [INFO] Worker exiting (pid: 7395)
[2021-06-28 20:01:26 +0800] [7990] [INFO] Booting worker with pid: 7990
[2021-06-28 20:01:43 +0800] [4339] [WARNING] Worker with pid 7395 was terminated due to signal 9
[2021-06-28 20:01:43 +0800] [7993] [INFO] Booting worker with pid: 7993
[2021-06-28 20:01:57 +0800] [4339] [CRITICAL] WORKER TIMEOUT (pid:7990)
[2021-06-28 20:02:13 +0800] [4339] [WARNING] Worker with pid 7990 was terminated due to signal 9
[2021-06-28 20:02:14 +0800] [4339] [CRITICAL] WORKER TIMEOUT (pid:7993)
[2021-06-28 20:02:14 +0800] [7993] [INFO] Worker exiting (pid: 7993)
[2021-06-28 20:02:22 +0800] [8001] [INFO] Booting worker with pid: 8001
[2021-06-28 20:03:02 +0800] [4339] [WARNING] Worker with pid 7993 was terminated due to signal 9
[2021-06-28 20:04:00 +0800] [4339] [CRITICAL] WORKER TIMEOUT (pid:8001)
[2021-06-28 20:06:46 +0800] [8025] [INFO] Booting worker with pid: 8025
[2021-06-28 20:06:46 +0800] [4339] [WARNING] Worker with pid 8001 was terminated due to signal 9
[2021-06-28 20:06:46 +0800] [4339] [CRITICAL] WORKER TIMEOUT (pid:8025)
[2021-06-28 20:06:47 +0800] [8091] [INFO] Booting worker with pid: 8091
[2021-06-28 20:06:47 +0800] [4339] [WARNING] Worker with pid 8025 was terminated due to signal 9
[2021-06-28 20:06:48 +0800] [8092] [INFO] Booting worker with pid: 8092
[2021-06-28 20:07:18 +0800] [4339] [CRITICAL] WORKER TIMEOUT (pid:8091)
[2021-06-28 20:07:18 +0800] [4339] [CRITICAL] WORKER TIMEOUT (pid:8092)
[2021-06-28 20:07:18 +0800] [8092] [INFO] Worker exiting (pid: 8092)
[2021-06-28 20:07:18 +0800] [8091] [INFO] Worker exiting (pid: 8091)
[2021-06-28 20:07:19 +0800] [4339] [WARNING] Worker with pid 8091 was terminated due to signal 9
[2021-06-28 20:07:20 +0800] [4339] [WARNING] Worker with pid 8092 was terminated due to signal 9
[2021-06-28 20:07:20 +0800] [8286] [INFO] Booting worker with pid: 8286
[2021-06-28 20:07:20 +0800] [8287] [INFO] Booting worker with pid: 8287
[2021-06-28 23:45:41 +0800] [4339] [CRITICAL] WORKER TIMEOUT (pid:8286)
[2021-06-28 23:52:07 +0800] [4339] [WARNING] Worker with pid 8286 was terminated due to signal 9
[2021-06-28 23:52:08 +0800] [8856] [INFO] Booting worker with pid: 8856
[2021-06-28 23:52:39 +0800] [4339] [CRITICAL] WORKER TIMEOUT (pid:8856)
[2021-06-28 23:52:46 +0800] [4339] [WARNING] Worker with pid 8856 was terminated due to signal 9
[2021-06-28 23:52:46 +0800] [8870] [INFO] Booting worker with pid: 8870
[2021-06-28 23:53:19 +0800] [4339] [CRITICAL] WORKER TIMEOUT (pid:8870)
[2021-06-28 23:53:22 +0800] [4339] [WARNING] Worker with pid 8870 was terminated due to signal 9
[2021-06-28 23:53:22 +0800] [8875] [INFO] Booting worker with pid: 8875
[2021-06-28 23:55:07 +0800] [4339] [CRITICAL] WORKER TIMEOUT (pid:8287)
[2021-06-28 23:55:09 +0800] [4339] [CRITICAL] WORKER TIMEOUT (pid:8875)
[2021-06-28 23:55:09 +0800] [8287] [INFO] Worker exiting (pid: 8287)
[2021-06-28 23:55:15 +0800] [4339] [WARNING] Worker with pid 8875 was terminated due to signal 9
[2021-06-28 23:55:16 +0800] [8879] [INFO] Booting worker with pid: 8879
[2021-06-28 23:55:23 +0800] [8880] [INFO] Booting worker with pid: 8880
[2021-06-28 23:55:46 +0800] [4339] [CRITICAL] WORKER TIMEOUT (pid:8879)
[2021-06-28 23:55:47 +0800] [8879] [INFO] Worker exiting (pid: 8879)
[2021-06-28 23:55:49 +0800] [4339] [WARNING] Worker with pid 8879 was terminated due to signal 9
[2021-06-28 23:55:50 +0800] [8885] [INFO] Booting worker with pid: 8885
[2021-06-28 23:55:54 +0800] [4339] [CRITICAL] WORKER TIMEOUT (pid:8880)
[2021-06-28 23:55:54 +0800] [8880] [INFO] Worker exiting (pid: 8880)
[2021-06-28 23:55:55 +0800] [4339] [WARNING] Worker with pid 8880 was terminated due to signal 9
[2021-06-28 23:55:55 +0800] [8887] [INFO] Booting worker with pid: 8887
[2021-06-29 03:35:09 +0800] [4339] [CRITICAL] WORKER TIMEOUT (pid:7658)
[2021-06-29 03:38:46 +0800] [4339] [WARNING] Worker with pid 7658 was terminated due to signal 9
[2021-06-29 03:38:47 +0800] [9535] [INFO] Booting worker with pid: 9535
[2021-06-29 03:40:07 +0800] [4339] [CRITICAL] WORKER TIMEOUT (pid:9535)
[2021-06-29 03:40:07 +0800] [9535] [INFO] Worker exiting (pid: 9535)
[2021-06-29 03:40:10 +0800] [4339] [WARNING] Worker with pid 9535 was terminated due to signal 9
[2021-06-29 03:40:10 +0800] [9537] [INFO] Booting worker with pid: 9537
[2021-06-29 03:40:41 +0800] [4339] [CRITICAL] WORKER TIMEOUT (pid:9537)
[2021-06-29 03:40:44 +0800] [9537] [INFO] Worker exiting (pid: 9537)
[2021-06-29 03:40:47 +0800] [4339] [WARNING] Worker with pid 9537 was terminated due to signal 9
[2021-06-29 03:40:47 +0800] [9540] [INFO] Booting worker with pid: 9540
[2021-06-29 03:41:19 +0800] [4339] [CRITICAL] WORKER TIMEOUT (pid:9540)
[2021-06-29 03:41:20 +0800] [9540] [INFO] Worker exiting (pid: 9540)
[2021-06-29 03:41:23 +0800] [4339] [WARNING] Worker with pid 9540 was terminated due to signal 9
[2021-06-29 03:41:23 +0800] [9542] [INFO] Booting worker with pid: 9542
[2021-06-29 03:43:38 +0800] [4339] [CRITICAL] WORKER TIMEOUT (pid:8887)
[2021-06-29 03:43:39 +0800] [8887] [INFO] Worker exiting (pid: 8887)
[2021-06-29 03:43:39 +0800] [4339] [CRITICAL] WORKER TIMEOUT (pid:9542)
[2021-06-29 03:43:42 +0800] [9542] [INFO] Worker exiting (pid: 9542)
[2021-06-29 03:43:45 +0800] [4339] [WARNING] Worker with pid 9542 was terminated due to signal 9
[2021-06-29 03:43:45 +0800] [9545] [INFO] Booting worker with pid: 9545
[2021-06-29 03:43:45 +0800] [9546] [INFO] Booting worker with pid: 9546
[2021-06-29 07:28:19 +0800] [4339] [CRITICAL] WORKER TIMEOUT (pid:9545)
[2021-06-29 07:37:36 +0800] [4339] [WARNING] Worker with pid 9545 was terminated due to signal 9
[2021-06-29 07:37:37 +0800] [9860] [INFO] Booting worker with pid: 9860
[2021-06-29 07:38:08 +0800] [4339] [CRITICAL] WORKER TIMEOUT (pid:9860)
[2021-06-29 07:38:09 +0800] [9860] [INFO] Worker exiting (pid: 9860)
[2021-06-29 07:38:09 +0800] [4339] [WARNING] Worker with pid 9860 was terminated due to signal 9
[2021-06-29 07:38:10 +0800] [9868] [INFO] Booting worker with pid: 9868
[2021-06-29 07:38:40 +0800] [4339] [CRITICAL] WORKER TIMEOUT (pid:9868)
[2021-06-29 07:38:41 +0800] [9868] [INFO] Worker exiting (pid: 9868)
[2021-06-29 07:38:42 +0800] [4339] [WARNING] Worker with pid 9868 was terminated due to signal 9
[2021-06-29 07:38:42 +0800] [9870] [INFO] Booting worker with pid: 9870
[2021-06-29 07:40:07 +0800] [4339] [CRITICAL] WORKER TIMEOUT (pid:9546)
[2021-06-29 07:40:08 +0800] [4339] [CRITICAL] WORKER TIMEOUT (pid:9870)
[2021-06-29 07:40:08 +0800] [9546] [INFO] Worker exiting (pid: 9546)
[2021-06-29 07:40:10 +0800] [4339] [WARNING] Worker with pid 9870 was terminated due to signal 9
[2021-06-29 07:40:10 +0800] [9873] [INFO] Booting worker with pid: 9873
[2021-06-29 07:40:11 +0800] [9874] [INFO] Booting worker with pid: 9874
[2021-06-29 07:42:25 +0800] [4339] [CRITICAL] WORKER TIMEOUT (pid:9873)
[2021-06-29 07:45:17 +0800] [4339] [CRITICAL] WORKER TIMEOUT (pid:9874)
[2021-06-29 07:45:37 +0800] [4339] [WARNING] Worker with pid 9873 was terminated due to signal 9
[2021-06-29 07:45:37 +0800] [4339] [WARNING] Worker with pid 9874 was terminated due to signal 9
[2021-06-29 07:45:37 +0800] [9880] [INFO] Booting worker with pid: 9880
[2021-06-29 07:45:37 +0800] [9881] [INFO] Booting worker with pid: 9881
[2021-06-29 11:26:45 +0800] [4339] [CRITICAL] WORKER TIMEOUT (pid:9880)
[2021-06-29 11:35:15 +0800] [4339] [CRITICAL] WORKER TIMEOUT (pid:9881)
[2021-06-29 11:40:37 +0800] [4339] [WARNING] Worker with pid 9880 was terminated due to signal 9
[2021-06-29 11:40:37 +0800] [10124] [INFO] Booting worker with pid: 10124
[2021-06-29 11:40:35 +0800] [9881] [ERROR] Exception in worker process
Traceback (most recent call last):
  File "/usr/local/lib/python3.6/site-packages/gunicorn/arbiter.py", line 589, in spawn_worker
    worker.init_process()
  File "/usr/local/lib/python3.6/site-packages/gunicorn/workers/base.py", line 142, in init_process
    self.run()
  File "/usr/local/lib/python3.6/site-packages/gunicorn/workers/sync.py", line 125, in run
    self.run_for_one(timeout)
  File "/usr/local/lib/python3.6/site-packages/gunicorn/workers/sync.py", line 84, in run_for_one
    self.wait(timeout)
  File "/usr/local/lib/python3.6/site-packages/gunicorn/workers/sync.py", line 36, in wait
    ret = select.select(self.wait_fds, [], [], timeout)
TypeError: argument must be an int, or have a fileno() method.
[2021-06-29 11:40:39 +0800] [9881] [INFO] Worker exiting (pid: 9881)
[2021-06-29 11:40:45 +0800] [10128] [INFO] Booting worker with pid: 10128
[2021-06-29 11:44:12 +0800] [4339] [CRITICAL] WORKER TIMEOUT (pid:10128)
[2021-06-29 11:45:13 +0800] [10128] [INFO] Worker exiting (pid: 10128)
[2021-06-29 11:45:47 +0800] [10153] [INFO] Booting worker with pid: 10153
[2021-06-29 11:46:17 +0800] [4339] [CRITICAL] WORKER TIMEOUT (pid:10153)
[2021-06-29 11:46:18 +0800] [10153] [INFO] Worker exiting (pid: 10153)
[2021-06-29 11:46:20 +0800] [4339] [WARNING] Worker with pid 10153 was terminated due to signal 9
[2021-06-29 11:46:21 +0800] [10157] [INFO] Booting worker with pid: 10157
[2021-06-29 11:49:16 +0800] [4339] [CRITICAL] WORKER TIMEOUT (pid:10157)
[2021-06-29 11:50:11 +0800] [4339] [WARNING] Worker with pid 10157 was terminated due to signal 9
[2021-06-29 11:50:12 +0800] [10159] [INFO] Booting worker with pid: 10159
[2021-06-29 11:50:43 +0800] [4339] [CRITICAL] WORKER TIMEOUT (pid:10159)
[2021-06-29 11:50:49 +0800] [4339] [WARNING] Worker with pid 10159 was terminated due to signal 9
[2021-06-29 11:50:57 +0800] [10161] [INFO] Booting worker with pid: 10161
[2021-06-29 11:51:28 +0800] [4339] [CRITICAL] WORKER TIMEOUT (pid:10161)
[2021-06-29 11:51:36 +0800] [4339] [WARNING] Worker with pid 10161 was terminated due to signal 9
[2021-06-29 11:51:36 +0800] [10162] [INFO] Booting worker with pid: 10162
[2021-06-29 11:52:08 +0800] [4339] [CRITICAL] WORKER TIMEOUT (pid:10162)
[2021-06-29 11:52:11 +0800] [10162] [INFO] Worker exiting (pid: 10162)
[2021-06-29 11:52:14 +0800] [4339] [WARNING] Worker with pid 10162 was terminated due to signal 9
[2021-06-29 11:52:17 +0800] [10166] [INFO] Booting worker with pid: 10166
[2021-06-29 11:52:45 +0800] [4339] [CRITICAL] WORKER TIMEOUT (pid:10166)
[2021-06-29 11:52:48 +0800] [10166] [INFO] Worker exiting (pid: 10166)
[2021-06-29 11:52:54 +0800] [4339] [WARNING] Worker with pid 10166 was terminated due to signal 9
[2021-06-29 11:52:56 +0800] [10167] [INFO] Booting worker with pid: 10167
[2021-06-29 11:53:24 +0800] [4339] [CRITICAL] WORKER TIMEOUT (pid:10167)
[2021-06-29 11:53:24 +0800] [10167] [INFO] Worker exiting (pid: 10167)
[2021-06-29 11:53:24 +0800] [10171] [INFO] Booting worker with pid: 10171
